<?xml version="1.0" encoding="UTF-8"?>
<testsuite xmlns:xsi="http://www.w3.org/2001/XMLSchema-instance" xsi:noNamespaceSchemaLocation="https://maven.apache.org/surefire/maven-surefire-plugin/xsd/surefire-test-report-3.0.xsd" version="3.0" name="com.omrbranch.runner.TestRunnerClass" time="11.339" tests="5" errors="0" skipped="0" failures="0">
  <properties>
[...]
</properties>
  <testcase name="User is on the OMR page" classname="Login with valid credentials" time="6.652">
    <system-out><![CDATA[
Scenario Outline: Login with valid credentials              # src/test/resources/Features/Login.feature:11
]]></system-out>
    <system-err><![CDATA[Jul 01, 2025 12:39:41 PM org.openqa.selenium.devtools.CdpVersionFinder findNearestMatch
WARNING: Unable to find an exact match for CDP version 138, returning the closest version; found: 137; Please update to a Selenium version that supports CDP version 138
]]></system-err>
  </testcase>
  <testcase name="User enters &quot;shabir4950@gmail.com&quot; and &quot;Shabir@4950&quot;" classname="Login with valid credentials" time="0.169">
    <system-out><![CDATA[  Given User is on the OMR page                             # com.omrbranch.stepdefinition.FeatureFileNameStep.user_is_on_the_omr_page()
]]></system-out>
  </testcase>
  <testcase name="User clicks the login button" classname="Login with valid credentials" time="0.108">
    <system-out><![CDATA[  When User enters "shabir4950@gmail.com" and "Shabir@4950" # com.omrbranch.stepdefinition.FeatureFileNameStep.user_enters_and(java.lang.String,java.lang.String)
]]></system-out>
  </testcase>
  <testcase name="User should verify after login success message" classname="Login with valid credentials" time="0.0">
    <system-out><![CDATA[  And User clicks the login button                          # com.omrbranch.stepdefinition.FeatureFileNameStep.user_clicks_the_login_button()
]]></system-out>
  </testcase>
  <testcase name="" classname="Login with valid credentials" time="0.005">
    <system-out><![CDATA[  Then User should verify after login success message       # com.omrbranch.stepdefinition.FeatureFileNameStep.user_should_verify_after_login_success_message()
]]></system-out>
  </testcase>
</testsuite>